<?xml version="1.0" encoding="UTF-8"?>
<!-- Generated by org.testng.reporters.JUnitReportReporter -->
<testsuite skipped="0" hostname="DESKTOP-78Q16JN" name="id123.SecondPageTest" tests="5" failures="0" timestamp="2020-07-14T00:11:08 CEST" time="0.699" errors="0">
  <testcase name="clickOnBikeLightAndTestCart" time="0.130" classname="id123.SecondPageTest"/>
  <system-out/>
  <testcase name="clickOnOnesieAndTestCart" time="0.099" classname="id123.SecondPageTest"/>
  <system-out/>
  <testcase name="testIfOnRightPage" time="0.199" classname="id123.SecondPageTest"/>
  <system-out/>
  <testcase name="testFirstElementInCart" time="0.134" classname="id123.SecondPageTest"/>
  <system-out/>
  <testcase name="testSecondElementInCart" time="0.137" classname="id123.SecondPageTest"/>
  <system-out/>
</testsuite> <!-- id123.SecondPageTest -->
