<?xml version="1.0" encoding="UTF-8"?>
<!-- Generated by org.testng.reporters.JUnitReportReporter -->
<testsuite skipped="0" hostname="DESKTOP-78Q16JN" name="id123.FirstPageTest" tests="3" failures="0" timestamp="2020-07-13T15:18:29 CEST" time="0.575" errors="0">
  <testcase name="enterNothingAndTestMessage" time="0.157" classname="id123.FirstPageTest"/>
  <system-out/>
  <testcase name="enterPasswordAndTestMessage" time="0.218" classname="id123.FirstPageTest"/>
  <system-out/>
  <testcase name="enterUsernameAndTestMessage" time="0.200" classname="id123.FirstPageTest"/>
  <system-out/>
</testsuite> <!-- id123.FirstPageTest -->
